2025-09-30 14:43:13,305 - INFO - Ingesting begin_inventory.csv in db
2025-09-30 14:43:15,204 - INFO - Ingesting end_inventory.csv in db
2025-09-30 14:43:20,367 - INFO - Ingesting purchases.csv in db
2025-09-30 14:44:03,904 - INFO - Ingesting purchase_prices.csv in db
2025-09-30 14:44:21,692 - INFO - Ingesting sales.csv in db
2025-09-30 14:49:01,693 - INFO - Ingesting vendor_invoice.csv in db
2025-09-30 14:49:01,809 - INFO - --------------Ingestion Complete------------
2025-09-30 14:49:01,809 - INFO - 
Total Time Taken: 5.81458017428716 minutes
2025-09-30 14:49:01,896 - ERROR - No such comm target registered: jupyter.widget.control
2025-09-30 14:49:01,913 - WARNING - No such comm: fd5a0780-f470-4c04-97a5-7efe7ca71b07
2025-09-30 14:49:01,913 - DEBUG - Current comms: []
2025-10-01 14:05:06,005 - INFO - Ingesting begin_inventory.csv in db
2025-10-01 14:05:07,868 - INFO - Ingesting end_inventory.csv in db
2025-10-01 14:05:12,419 - INFO - Ingesting purchases.csv in db
2025-10-01 14:05:37,698 - INFO - Ingesting purchase_prices.csv in db
2025-10-01 14:05:52,346 - INFO - Ingesting sales.csv in db
2025-10-01 14:10:31,204 - INFO - Ingesting vendor_invoice.csv in db
2025-10-01 14:10:31,282 - INFO - --------------Ingestion Complete------------
2025-10-01 14:10:31,282 - INFO - 
Total Time Taken: 5.425796723365783 minutes
2025-10-01 14:35:29,441 - ERROR - No such comm target registered: jupyter.widget.control
2025-10-01 14:35:29,441 - WARNING - No such comm: cb878161-de90-44cc-8af6-cc8439e29931
2025-10-01 14:35:29,441 - DEBUG - Current comms: []
2025-10-01 14:35:40,538 - INFO - Ingesting begin_inventory.csv in db
2025-10-01 14:35:42,495 - INFO - Ingesting end_inventory.csv in db
2025-10-01 14:35:48,527 - INFO - Ingesting purchases.csv in db
2025-10-01 14:36:10,823 - INFO - Ingesting purchase_prices.csv in db
2025-10-01 14:36:26,070 - INFO - Ingesting sales.csv in db
2025-10-01 14:41:03,144 - INFO - Ingesting vendor_invoice.csv in db
2025-10-01 14:41:03,262 - INFO - --------------Ingestion Complete------------
2025-10-01 14:41:03,262 - INFO - 
Total Time Taken: 5.384514617919922 minutes
